<?xml version="1.0" encoding="UTF-8"?>
<!-- Generated by org.testng.reporters.JUnitReportReporter -->
<testsuite hostname="DESKTOP-6G9M66L" failures="0" tests="3" name="com.testngapackege.AnotaionsExample" time="0.014" errors="0" timestamp="2025-02-27T11:22:45 IST" skipped="0">
  <testcase classname="com.testngapackege.AnotaionsExample" name="verifyTitle" time="0.006"/>
  <testcase classname="com.testngapackege.AnotaionsExample" name="shipmenttDetails" time="0.004"/>
  <testcase classname="com.testngapackege.AnotaionsExample" name="PaypemntDetails" time="0.004"/>
</testsuite> <!-- com.testngapackege.AnotaionsExample -->
