<?xml version="1.0" encoding="UTF-8"?>
<!-- Generated by org.testng.reporters.JUnitReportReporter -->
<testsuite hostname="DESKTOP-6G9M66L" failures="0" tests="7" name="com.testngapackege.LoginTest" time="0.038" errors="0" timestamp="2025-03-06T11:17:06 IST" skipped="1">
  <testcase classname="com.testngapackege.LoginTest" name="verifyHomePage" time="0.001"/>
  <testcase classname="com.testngapackege.LoginTest" name="verifyHomePage" time="0.001"/>
  <testcase classname="com.testngapackege.LoginTest" name="verifyHomePage" time="0.015"/>
  <testcase classname="com.testngapackege.LoginTest" name="verifyHomePage" time="0.002"/>
  <testcase classname="com.testngapackege.LoginTest" name="verifyshipmentDetails" time="0.005"/>
  <testcase classname="com.testngapackege.LoginTest" name="verifyPaymentDetails" time="0.014"/>
  <testcase classname="com.testngapackege.LoginTest" name="verifytitle">
    <skipped/>
  </testcase> <!-- verifytitle -->
</testsuite> <!-- com.testngapackege.LoginTest -->
