<?xml version="1.0" encoding="UTF-8"?>
<!-- Generated by org.testng.reporters.JUnitReportReporter -->
<testsuite hostname="DESKTOP-6G9M66L" failures="0" tests="5" name="com.testngapackege.DemoTestNg" time="14.207" errors="0" timestamp="2025-02-27T10:44:37 IST" skipped="0">
  <testcase classname="com.testngapackege.DemoTestNg" name="openAppliaction" time="8.288"/>
  <testcase classname="com.testngapackege.DemoTestNg" name="loginApp" time="5.889"/>
  <testcase classname="com.testngapackege.DemoTestNg" name="verfyHomePage" time="0.027"/>
  <testcase classname="com.testngapackege.DemoTestNg" name="selectProduct" time="0.001"/>
  <testcase classname="com.testngapackege.DemoTestNg" name="logotApp" time="0.002"/>
</testsuite> <!-- com.testngapackege.DemoTestNg -->
