<?xml version="1.0" encoding="UTF-8"?>
<!-- Generated by org.testng.reporters.JUnitReportReporter -->
<testsuite hostname="DESKTOP-6G9M66L" failures="0" tests="2" name="com.testngapackege.DataProviderExample" time="14.144" errors="0" timestamp="2025-03-04T11:22:17 IST" skipped="0">
  <testcase classname="com.testngapackege.DataProviderExample" name="login" time="8.737"/>
  <testcase classname="com.testngapackege.DataProviderExample" name="login" time="5.407"/>
</testsuite> <!-- com.testngapackege.DataProviderExample -->
