<?xml version="1.0" encoding="UTF-8"?>
<!-- Generated by org.testng.reporters.JUnitReportReporter -->
<testsuite hostname="DESKTOP-6G9M66L" failures="0" tests="2" name="com.testngapackege.login2" time="0.002" errors="0" timestamp="2025-03-04T10:54:05 IST" skipped="0">
  <testcase classname="com.testngapackege.login2" name="verifyHomePage" time="0.001"/>
  <testcase classname="com.testngapackege.login2" name="verifytitle" time="0.001"/>
</testsuite> <!-- com.testngapackege.login2 -->
