<?xml version="1.0" encoding="UTF-8"?>
<!-- Generated by org.testng.reporters.JUnitReportReporter -->
<testsuite hostname="DESKTOP-6G9M66L" failures="0" tests="3" name="com.testngapackege.ParamatrizationUsingXml" time="22.711" errors="0" timestamp="2025-03-05T11:05:04 IST" skipped="0">
  <testcase classname="com.testngapackege.ParamatrizationUsingXml" name="login" time="8.225"/>
  <testcase classname="com.testngapackege.ParamatrizationUsingXml" name="login" time="6.713"/>
  <testcase classname="com.testngapackege.ParamatrizationUsingXml" name="login" time="7.773"/>
</testsuite> <!-- com.testngapackege.ParamatrizationUsingXml -->
