<?xml version="1.0" encoding="UTF-8"?>
<!-- Generated by org.testng.reporters.JUnitReportReporter -->
<testsuite hostname="DESKTOP-6G9M66L" failures="0" tests="2" name="com.pageobjectmodel.TestLogin" time="5.858" errors="0" timestamp="2025-03-07T11:29:16 IST" skipped="0">
  <testcase classname="com.pageobjectmodel.TestLogin" name="loginTest" time="3.680"/>
  <testcase classname="com.pageobjectmodel.TestLogin" name="verifyAddToCart" time="2.178"/>
</testsuite> <!-- com.pageobjectmodel.TestLogin -->
